# JRE version: OpenJDK Runtime Environment (8.0_242-b01) (build 1.8.0_242-release-1644-b01)
# Java VM: OpenJDK 64-Bit Server VM (25.242-b01 mixed mode windows-amd64 compressed oops)
Heap:
 PSYoungGen      total 310784K, used 46449K [0x00000000d5580000, 0x00000000edd00000, 0x0000000100000000)
  eden space 273408K, 10% used [0x00000000d5580000,0x00000000d71e8fa0,0x00000000e6080000)
  from space 37376K, 46% used [0x00000000e6080000,0x00000000e71736f0,0x00000000e8500000)
  to   space 35840K, 0% used [0x00000000eba00000,0x00000000eba00000,0x00000000edd00000)
 ParOldGen       total 142336K, used 81670K [0x0000000080000000, 0x0000000088b00000, 0x00000000d5580000)
  object space 142336K, 57% used [0x0000000080000000,0x0000000084fc1a18,0x0000000088b00000)
 Metaspace       used 85214K, capacity 90508K, committed 90664K, reserved 1128448K
  class space    used 11598K, capacity 12589K, committed 12592K, reserved 1048576K
GC Heap History (10 events):
Event: 19.629 GC heap before
{Heap before GC invocations=16 (full 3):
 PSYoungGen      total 193024K, used 176128K [0x00000000d5580000, 0x00000000e2c00000, 0x0000000100000000)
  eden space 176128K, 100% used [0x00000000d5580000,0x00000000e0180000,0x00000000e0180000)
  from space 16896K, 0% used [0x00000000e1200000,0x00000000e1200000,0x00000000e2280000)
  to   space 16896K, 0% used [0x00000000e0180000,0x00000000e0180000,0x00000000e1200000)
 ParOldGen       total 142336K, used 36854K [0x0000000080000000, 0x0000000088b00000, 0x00000000d5580000)
  object space 142336K, 25% used [0x0000000080000000,0x00000000823fdb78,0x0000000088b00000)
 Metaspace       used 63903K, capacity 67046K, committed 67368K, reserved 1107968K
  class space    used 8844K, capacity 9446K, committed 9520K, reserved 1048576K
Event: 19.648 GC heap after
Heap after GC invocations=16 (full 3):
 PSYoungGen      total 193024K, used 16008K [0x00000000d5580000, 0x00000000e4580000, 0x0000000100000000)
  eden space 176128K, 0% used [0x00000000d5580000,0x00000000d5580000,0x00000000e0180000)
  from space 16896K, 94% used [0x00000000e0180000,0x00000000e1122298,0x00000000e1200000)
  to   space 18944K, 0% used [0x00000000e3300000,0x00000000e3300000,0x00000000e4580000)
 ParOldGen       total 142336K, used 36862K [0x0000000080000000, 0x0000000088b00000, 0x00000000d5580000)
  object space 142336K, 25% used [0x0000000080000000,0x00000000823ffb78,0x0000000088b00000)
 Metaspace       used 63903K, capacity 67046K, committed 67368K, reserved 1107968K
  class space    used 8844K, capacity 9446K, committed 9520K, reserved 1048576K
}
Event: 21.554 GC heap before
{Heap before GC invocations=17 (full 3):
 PSYoungGen      total 193024K, used 192136K [0x00000000d5580000, 0x00000000e4580000, 0x0000000100000000)
  eden space 176128K, 100% used [0x00000000d5580000,0x00000000e0180000,0x00000000e0180000)
  from space 16896K, 94% used [0x00000000e0180000,0x00000000e1122298,0x00000000e1200000)
  to   space 18944K, 0% used [0x00000000e3300000,0x00000000e3300000,0x00000000e4580000)
 ParOldGen       total 142336K, used 36862K [0x0000000080000000, 0x0000000088b00000, 0x00000000d5580000)
  object space 142336K, 25% used [0x0000000080000000,0x00000000823ffb78,0x0000000088b00000)
 Metaspace       used 65668K, capacity 69152K, committed 69416K, reserved 1110016K
  class space    used 9074K, capacity 9711K, committed 9776K, reserved 1048576K
Event: 21.583 GC heap after
Heap after GC invocations=17 (full 3):
 PSYoungGen      total 221696K, used 18925K [0x00000000d5580000, 0x00000000e5100000, 0x0000000100000000)
  eden space 202752K, 0% used [0x00000000d5580000,0x00000000d5580000,0x00000000e1b80000)
  from space 18944K, 99% used [0x00000000e3300000,0x00000000e457b520,0x00000000e4580000)
  to   space 24064K, 0% used [0x00000000e1b80000,0x00000000e1b80000,0x00000000e3300000)
 ParOldGen       total 142336K, used 44485K [0x0000000080000000, 0x0000000088b00000, 0x00000000d5580000)
  object space 142336K, 31% used [0x0000000080000000,0x0000000082b716c0,0x0000000088b00000)
 Metaspace       used 65668K, capacity 69152K, committed 69416K, reserved 1110016K
  class space    used 9074K, capacity 9711K, committed 9776K, reserved 1048576K
}
Event: 22.584 GC heap before
{Heap before GC invocations=18 (full 3):
 PSYoungGen      total 221696K, used 221677K [0x00000000d5580000, 0x00000000e5100000, 0x0000000100000000)
  eden space 202752K, 100% used [0x00000000d5580000,0x00000000e1b80000,0x00000000e1b80000)
  from space 18944K, 99% used [0x00000000e3300000,0x00000000e457b520,0x00000000e4580000)
  to   space 24064K, 0% used [0x00000000e1b80000,0x00000000e1b80000,0x00000000e3300000)
 ParOldGen       total 142336K, used 44485K [0x0000000080000000, 0x0000000088b00000, 0x00000000d5580000)
  object space 142336K, 31% used [0x0000000080000000,0x0000000082b716c0,0x0000000088b00000)
 Metaspace       used 66279K, capacity 69816K, committed 69928K, reserved 1110016K
  class space    used 9127K, capacity 9753K, committed 9776K, reserved 1048576K
Event: 22.733 GC heap after
Heap after GC invocations=18 (full 3):
 PSYoungGen      total 226816K, used 24060K [0x00000000d5580000, 0x00000000ea580000, 0x0000000100000000)
  eden space 202752K, 0% used [0x00000000d5580000,0x00000000d5580000,0x00000000e1b80000)
  from space 24064K, 99% used [0x00000000e1b80000,0x00000000e32ff240,0x00000000e3300000)
  to   space 33280K, 0% used [0x00000000e8500000,0x00000000e8500000,0x00000000ea580000)
 ParOldGen       total 142336K, used 59093K [0x0000000080000000, 0x0000000088b00000, 0x00000000d5580000)
  object space 142336K, 41% used [0x0000000080000000,0x00000000839b54b8,0x0000000088b00000)
 Metaspace       used 66279K, capacity 69816K, committed 69928K, reserved 1110016K
  class space    used 9127K, capacity 9753K, committed 9776K, reserved 1048576K
}
Event: 25.101 GC heap before
{Heap before GC invocations=19 (full 3):
 PSYoungGen      total 226816K, used 226812K [0x00000000d5580000, 0x00000000ea580000, 0x0000000100000000)
  eden space 202752K, 100% used [0x00000000d5580000,0x00000000e1b80000,0x00000000e1b80000)
  from space 24064K, 99% used [0x00000000e1b80000,0x00000000e32ff240,0x00000000e3300000)
  to   space 33280K, 0% used [0x00000000e8500000,0x00000000e8500000,0x00000000ea580000)
 ParOldGen       total 142336K, used 59093K [0x0000000080000000, 0x0000000088b00000, 0x00000000d5580000)
  object space 142336K, 41% used [0x0000000080000000,0x00000000839b54b8,0x0000000088b00000)
 Metaspace       used 75291K, capacity 80056K, committed 80168K, reserved 1118208K
  class space    used 10559K, capacity 11485K, committed 11568K, reserved 1048576K
Event: 25.147 GC heap after
Heap after GC invocations=19 (full 3):
 PSYoungGen      total 306688K, used 31427K [0x00000000d5580000, 0x00000000ea980000, 0x0000000100000000)
  eden space 273408K, 0% used [0x00000000d5580000,0x00000000d5580000,0x00000000e6080000)
  from space 33280K, 94% used [0x00000000e8500000,0x00000000ea3b0ff0,0x00000000ea580000)
  to   space 37376K, 0% used [0x00000000e6080000,0x00000000e6080000,0x00000000e8500000)
 ParOldGen       total 142336K, used 71728K [0x0000000080000000, 0x0000000088b00000, 0x00000000d5580000)
  object space 142336K, 50% used [0x0000000080000000,0x000000008460c098,0x0000000088b00000)
 Metaspace       used 75291K, capacity 80056K, committed 80168K, reserved 1118208K
  class space    used 10559K, capacity 11485K, committed 11568K, reserved 1048576K
}
Event: 112.061 GC heap before
{Heap before GC invocations=20 (full 3):
 PSYoungGen      total 306688K, used 304835K [0x00000000d5580000, 0x00000000ea980000, 0x0000000100000000)
  eden space 273408K, 100% used [0x00000000d5580000,0x00000000e6080000,0x00000000e6080000)
  from space 33280K, 94% used [0x00000000e8500000,0x00000000ea3b0ff0,0x00000000ea580000)
  to   space 37376K, 0% used [0x00000000e6080000,0x00000000e6080000,0x00000000e8500000)
 ParOldGen       total 142336K, used 71728K [0x0000000080000000, 0x0000000088b00000, 0x00000000d5580000)
  object space 142336K, 50% used [0x0000000080000000,0x000000008460c098,0x0000000088b00000)
 Metaspace       used 85049K, capacity 90378K, committed 90408K, reserved 1126400K
  class space    used 11584K, capacity 12588K, committed 12592K, reserved 1048576K
Event: 112.136 GC heap after
Heap after GC invocations=20 (full 3):
 PSYoungGen      total 310784K, used 17357K [0x00000000d5580000, 0x00000000edd00000, 0x0000000100000000)
  eden space 273408K, 0% used [0x00000000d5580000,0x00000000d5580000,0x00000000e6080000)
  from space 37376K, 46% used [0x00000000e6080000,0x00000000e71736f0,0x00000000e8500000)
  to   space 35840K, 0% used [0x00000000eba00000,0x00000000eba00000,0x00000000edd00000)
 ParOldGen       total 142336K, used 81670K [0x0000000080000000, 0x0000000088b00000, 0x00000000d5580000)
  object space 142336K, 57% used [0x0000000080000000,0x0000000084fc1a18,0x0000000088b00000)
 Metaspace       used 85049K, capacity 90378K, committed 90408K, reserved 1126400K
  class space    used 11584K, capacity 12588K, committed 12592K, reserved 1048576K
}

